

Started GET "/" for 127.0.0.1 at 2012-08-09 23:20:38 -0400
  Processing by EventsController#recent as HTML
Completed 500 Internal Server Error in 31ms

ActiveRecord::StatementInvalid (Could not find table 'events'):
  app/controllers/events_controller.rb:22:in `recent'

Rendered /home/bzhu01/.rvm/gems/ruby-1.9.2-p320/gems/actionpack-3.1.1/lib/action_dispatch/middleware/templates/rescues/_trace.erb (0.9ms)
Rendered /home/bzhu01/.rvm/gems/ruby-1.9.2-p320/gems/actionpack-3.1.1/lib/action_dispatch/middleware/templates/rescues/_request_and_response.erb (1.0ms)
Rendered /home/bzhu01/.rvm/gems/ruby-1.9.2-p320/gems/actionpack-3.1.1/lib/action_dispatch/middleware/templates/rescues/diagnostics.erb within rescues/layout (5.1ms)


Started GET "/" for 127.0.0.1 at 2012-08-09 23:20:40 -0400
  Processing by EventsController#recent as HTML
Completed 500 Internal Server Error in 1ms

ActiveRecord::StatementInvalid (Could not find table 'events'):
  app/controllers/events_controller.rb:22:in `recent'

Rendered /home/bzhu01/.rvm/gems/ruby-1.9.2-p320/gems/actionpack-3.1.1/lib/action_dispatch/middleware/templates/rescues/_trace.erb (0.8ms)
Rendered /home/bzhu01/.rvm/gems/ruby-1.9.2-p320/gems/actionpack-3.1.1/lib/action_dispatch/middleware/templates/rescues/_request_and_response.erb (0.6ms)
Rendered /home/bzhu01/.rvm/gems/ruby-1.9.2-p320/gems/actionpack-3.1.1/lib/action_dispatch/middleware/templates/rescues/diagnostics.erb within rescues/layout (2.9ms)
Migrating to CreateBuildings (20111129004316)
Migrating to CreateEvents (20111129005332)
Migrating to CreateUsers (20111129005446)
Migrating to CreateAttends (20111129165450)
Migrating to CreateFollows (20111206144146)
Migrating to AddGeolocationToBuilding (20111208033458)
Migrating to AddBuildings (20111208042559)
Migrating to AddUsers (20120419113727)


Started GET "/" for 127.0.0.1 at 2012-08-09 23:21:39 -0400
  Processing by EventsController#recent as HTML
Rendered shared/_map.html.erb (0.9ms)
Rendered events/_event.html.erb (0.0ms)
Rendered events/recent.html.erb within layouts/application (33.5ms)
Completed 500 Internal Server Error in 81ms

ActionView::Template::Error (application.css isn't precompiled):
    2: <html>
    3: <head>
    4:   <title>CampusFreeLoader</title>
    5:   <%= stylesheet_link_tag    "application" %>
    6:   
    7:   <%= javascript_include_tag :defaults %>
    8:   <%= csrf_meta_tag %>
  app/views/layouts/application.html.erb:5:in `_app_views_layouts_application_html_erb__1700671457839788254_29384080'
  app/controllers/events_controller.rb:24:in `recent'

Rendered /home/bzhu01/.rvm/gems/ruby-1.9.2-p320/gems/actionpack-3.1.1/lib/action_dispatch/middleware/templates/rescues/_trace.erb (0.8ms)
Rendered /home/bzhu01/.rvm/gems/ruby-1.9.2-p320/gems/actionpack-3.1.1/lib/action_dispatch/middleware/templates/rescues/_request_and_response.erb (1.0ms)
Rendered /home/bzhu01/.rvm/gems/ruby-1.9.2-p320/gems/actionpack-3.1.1/lib/action_dispatch/middleware/templates/rescues/template_error.erb within rescues/layout (3.3ms)
Compiled application.js  (1ms)  (pid 11792)
Compiled jquery.js  (1ms)  (pid 11792)
Compiled jquery_ujs.js  (0ms)  (pid 11792)
Compiled application.css  (0ms)  (pid 11792)
Compiled application.js  (3ms)  (pid 11788)
Compiled jquery.js  (19ms)  (pid 11788)
Compiled jquery_ujs.js  (27ms)  (pid 11788)
Compiled application.css  (0ms)  (pid 11788)


Started GET "/" for 127.0.0.1 at 2012-08-09 23:35:26 -0400
  Processing by EventsController#recent as HTML
Rendered shared/_map.html.erb (0.5ms)
Rendered events/_event.html.erb (0.0ms)
Rendered events/recent.html.erb within layouts/application (6.4ms)
Completed 200 OK in 109ms (Views: 80.0ms | ActiveRecord: 0.8ms)


Started GET "/images/bg.jpg" for 127.0.0.1 at 2012-08-09 23:35:26 -0400

ActionController::RoutingError (No route matches [GET] "/images/bg.jpg"):
  

Rendered /home/bzhu01/.rvm/gems/ruby-1.9.2-p320/gems/actionpack-3.1.1/lib/action_dispatch/middleware/templates/rescues/routing_error.erb within rescues/layout (0.5ms)


Started POST "/events/new" for 127.0.0.1 at 2012-08-09 23:35:32 -0400
  Processing by EventsController#new as HTML
  Parameters: {"authenticity_token"=>"dW24KWRBPXJp2m3o9MwD98zmnnjNjBKCWcTibtwmiYM="}
Rendered events/_form.html.erb (53.6ms)
Rendered events/new.html.erb within layouts/application (54.5ms)
Completed 200 OK in 58ms (Views: 56.7ms | ActiveRecord: 0.7ms)


Started GET "/images/bg.jpg" for 127.0.0.1 at 2012-08-09 23:35:32 -0400

ActionController::RoutingError (No route matches [GET] "/images/bg.jpg"):
  

Rendered /home/bzhu01/.rvm/gems/ruby-1.9.2-p320/gems/actionpack-3.1.1/lib/action_dispatch/middleware/templates/rescues/routing_error.erb within rescues/layout (0.8ms)


Started POST "/events" for 127.0.0.1 at 2012-08-09 23:35:43 -0400
  Processing by EventsController#create as HTML
  Parameters: {"utf8"=>"✓", "authenticity_token"=>"dW24KWRBPXJp2m3o9MwD98zmnnjNjBKCWcTibtwmiYM=", "event"=>{"building_id"=>"2", "desc"=>"BBQ", "start_time(1i)"=>"2012", "start_time(2i)"=>"8", "start_time(3i)"=>"16", "start_time(4i)"=>"03", "start_time(5i)"=>"35", "end_time(1i)"=>"2012", "end_time(2i)"=>"8", "end_time(3i)"=>"16", "end_time(4i)"=>"03", "end_time(5i)"=>"35", "host"=>"ischool", "eventname"=>"open house", "idcheck"=>"0", "user_id"=>"3", "created_at"=>"2012-08-09 23:35:32 -0400"}, "commit"=>"Create Event"}
Redirected to http://localhost:3000/events/1
Completed 302 Found in 20ms


Started GET "/events/1" for 127.0.0.1 at 2012-08-09 23:35:43 -0400
  Processing by EventsController#show as HTML
  Parameters: {"id"=>"1"}
Rendered attends/_form.html.erb (3.3ms)
Rendered events/_invite.html.erb (3.8ms)
Rendered events/show.html.erb within layouts/application (102.1ms)
Completed 200 OK in 115ms (Views: 104.7ms | ActiveRecord: 1.7ms)


Started GET "/images/bg.jpg" for 127.0.0.1 at 2012-08-09 23:35:44 -0400

ActionController::RoutingError (No route matches [GET] "/images/bg.jpg"):
  

Rendered /home/bzhu01/.rvm/gems/ruby-1.9.2-p320/gems/actionpack-3.1.1/lib/action_dispatch/middleware/templates/rescues/routing_error.erb within rescues/layout (0.4ms)


Started GET "/users/3" for 127.0.0.1 at 2012-08-09 23:57:49 -0400
  Processing by UsersController#show as HTML
  Parameters: {"id"=>"3"}
Rendered follows/_form.html.erb (4.5ms)
Rendered users/show.html.erb within layouts/application (126.2ms)
Completed 200 OK in 205ms (Views: 167.8ms | ActiveRecord: 6.1ms)


Started GET "/images/bg.jpg" for 127.0.0.1 at 2012-08-09 23:57:49 -0400

ActionController::RoutingError (No route matches [GET] "/images/bg.jpg"):
  

Rendered /home/bzhu01/.rvm/gems/ruby-1.9.2-p320/gems/actionpack-3.1.1/lib/action_dispatch/middleware/templates/rescues/routing_error.erb within rescues/layout (0.8ms)


Started GET "/users" for 127.0.0.1 at 2012-08-09 23:57:51 -0400
  Processing by UsersController#index as HTML
Rendered users/index.html.erb within layouts/application (8.2ms)
Completed 200 OK in 29ms (Views: 25.5ms | ActiveRecord: 1.4ms)


Started GET "/images/bg.jpg" for 127.0.0.1 at 2012-08-09 23:57:51 -0400

ActionController::RoutingError (No route matches [GET] "/images/bg.jpg"):
  

Rendered /home/bzhu01/.rvm/gems/ruby-1.9.2-p320/gems/actionpack-3.1.1/lib/action_dispatch/middleware/templates/rescues/routing_error.erb within rescues/layout (0.4ms)


Started GET "/events/recent" for 127.0.0.1 at 2012-08-09 23:57:53 -0400
  Processing by EventsController#recent as HTML
Rendered shared/_map.html.erb (14.1ms)
Rendered events/_event.html.erb (1.6ms)
Rendered events/recent.html.erb within layouts/application (17.1ms)
Completed 200 OK in 26ms (Views: 22.5ms | ActiveRecord: 0.9ms)


Started GET "/images/bg.jpg" for 127.0.0.1 at 2012-08-09 23:57:53 -0400

ActionController::RoutingError (No route matches [GET] "/images/bg.jpg"):
  

Rendered /home/bzhu01/.rvm/gems/ruby-1.9.2-p320/gems/actionpack-3.1.1/lib/action_dispatch/middleware/templates/rescues/routing_error.erb within rescues/layout (0.7ms)


Started GET "/events/1" for 127.0.0.1 at 2012-08-09 23:57:55 -0400
  Processing by EventsController#show as HTML
  Parameters: {"id"=>"1"}
Rendered attends/_form.html.erb (2.0ms)
Rendered events/_invite.html.erb (2.2ms)
Rendered events/show.html.erb within layouts/application (10.0ms)
Completed 200 OK in 18ms (Views: 12.2ms | ActiveRecord: 1.0ms)


Started GET "/images/bg.jpg" for 127.0.0.1 at 2012-08-09 23:57:55 -0400

ActionController::RoutingError (No route matches [GET] "/images/bg.jpg"):
  

Rendered /home/bzhu01/.rvm/gems/ruby-1.9.2-p320/gems/actionpack-3.1.1/lib/action_dispatch/middleware/templates/rescues/routing_error.erb within rescues/layout (0.6ms)


Started GET "/events/1" for 127.0.0.1 at 2012-08-09 23:59:54 -0400
  Processing by EventsController#show as HTML
  Parameters: {"id"=>"1"}
Rendered attends/_form.html.erb (1.2ms)
Rendered events/_invite.html.erb (1.1ms)
Rendered events/show.html.erb within layouts/application (4.9ms)
Completed 200 OK in 8ms (Views: 6.2ms | ActiveRecord: 0.9ms)


Started GET "/images/bg.jpg" for 127.0.0.1 at 2012-08-09 23:59:54 -0400

ActionController::RoutingError (No route matches [GET] "/images/bg.jpg"):
  

Rendered /home/bzhu01/.rvm/gems/ruby-1.9.2-p320/gems/actionpack-3.1.1/lib/action_dispatch/middleware/templates/rescues/routing_error.erb within rescues/layout (0.4ms)


Started POST "/attends" for 127.0.0.1 at 2012-08-09 23:59:55 -0400
  Processing by AttendsController#create as HTML
  Parameters: {"utf8"=>"✓", "authenticity_token"=>"dW24KWRBPXJp2m3o9MwD98zmnnjNjBKCWcTibtwmiYM=", "commit"=>"Eat Here!!", "attend"=>{"user_id"=>"3", "event_id"=>"1", "attend"=>"2012-08-09"}}
Redirected to http://localhost:3000/events/1
Completed 302 Found in 15ms


Started GET "/events/1" for 127.0.0.1 at 2012-08-09 23:59:55 -0400
  Processing by EventsController#show as HTML
  Parameters: {"id"=>"1"}
Rendered events/_attend.html.erb (2.1ms)
Rendered events/_invite.html.erb (1.2ms)
Rendered events/show.html.erb within layouts/application (18.6ms)
Completed 200 OK in 21ms (Views: 19.7ms | ActiveRecord: 0.8ms)


Started GET "/images/bg.jpg" for 127.0.0.1 at 2012-08-09 23:59:55 -0400

ActionController::RoutingError (No route matches [GET] "/images/bg.jpg"):
  

Rendered /home/bzhu01/.rvm/gems/ruby-1.9.2-p320/gems/actionpack-3.1.1/lib/action_dispatch/middleware/templates/rescues/routing_error.erb within rescues/layout (0.8ms)


Started GET "/events/1" for 127.0.0.1 at 2012-08-09 23:59:58 -0400
  Processing by EventsController#show as HTML
  Parameters: {"id"=>"1"}
Rendered events/_attend.html.erb (0.6ms)
Rendered events/_invite.html.erb (1.0ms)
Rendered events/show.html.erb within layouts/application (4.9ms)
Completed 200 OK in 8ms (Views: 6.3ms | ActiveRecord: 0.6ms)


Started GET "/images/bg.jpg" for 127.0.0.1 at 2012-08-09 23:59:58 -0400

ActionController::RoutingError (No route matches [GET] "/images/bg.jpg"):
  

Rendered /home/bzhu01/.rvm/gems/ruby-1.9.2-p320/gems/actionpack-3.1.1/lib/action_dispatch/middleware/templates/rescues/routing_error.erb within rescues/layout (0.6ms)


Started GET "/events/1" for 127.0.0.1 at 2012-08-10 00:00:14 -0400
  Processing by EventsController#show as HTML
  Parameters: {"id"=>"1"}
Rendered events/show.html.erb within layouts/application (87.8ms)
Completed 500 Internal Server Error in 155ms

ActionView::Template::Error (undefined method `all' for #<Array:0x00000005055d98>):
    53: 
    54: 
    55: <div id="attendbtn">
    56:   <% evats = Attend.find_all_by_event_id(@event.id).all.map { |a| a.user_id } %>
    57:   <% if evats.include?(session[:user_id])%>
    58: Attending
    59:   <% else %>
  app/views/events/show.html.erb:56:in `_app_views_events_show_html_erb___4030224231087135227_41382620'
  app/controllers/events_controller.rb:49:in `show'

Rendered /home/bzhu01/.rvm/gems/ruby-1.9.2-p320/gems/actionpack-3.1.1/lib/action_dispatch/middleware/templates/rescues/_trace.erb (0.9ms)
Rendered /home/bzhu01/.rvm/gems/ruby-1.9.2-p320/gems/actionpack-3.1.1/lib/action_dispatch/middleware/templates/rescues/_request_and_response.erb (0.9ms)
Rendered /home/bzhu01/.rvm/gems/ruby-1.9.2-p320/gems/actionpack-3.1.1/lib/action_dispatch/middleware/templates/rescues/template_error.erb within rescues/layout (3.9ms)


Started GET "/events/recent" for 127.0.0.1 at 2012-08-10 00:00:34 -0400
  Processing by EventsController#recent as HTML
Rendered shared/_map.html.erb (54.5ms)
Rendered events/_event.html.erb (34.0ms)
Rendered events/recent.html.erb within layouts/application (94.4ms)
Completed 200 OK in 167ms (Views: 137.4ms | ActiveRecord: 1.5ms)


Started GET "/images/bg.jpg" for 127.0.0.1 at 2012-08-10 00:00:34 -0400

ActionController::RoutingError (No route matches [GET] "/images/bg.jpg"):
  

Rendered /home/bzhu01/.rvm/gems/ruby-1.9.2-p320/gems/actionpack-3.1.1/lib/action_dispatch/middleware/templates/rescues/routing_error.erb within rescues/layout (0.5ms)


Started GET "/users/3" for 127.0.0.1 at 2012-08-10 00:00:35 -0400
  Processing by UsersController#show as HTML
  Parameters: {"id"=>"3"}
Rendered follows/_form.html.erb (4.9ms)
Rendered users/show.html.erb within layouts/application (48.0ms)
Completed 200 OK in 59ms (Views: 51.9ms | ActiveRecord: 1.1ms)


Started GET "/images/bg.jpg" for 127.0.0.1 at 2012-08-10 00:00:35 -0400

ActionController::RoutingError (No route matches [GET] "/images/bg.jpg"):
  

Rendered /home/bzhu01/.rvm/gems/ruby-1.9.2-p320/gems/actionpack-3.1.1/lib/action_dispatch/middleware/templates/rescues/routing_error.erb within rescues/layout (0.5ms)


Started GET "/events/recent" for 127.0.0.1 at 2012-08-10 00:00:37 -0400
  Processing by EventsController#recent as HTML
Rendered shared/_map.html.erb (2.2ms)
Rendered events/_event.html.erb (0.9ms)
Rendered events/recent.html.erb within layouts/application (3.5ms)
Completed 200 OK in 6ms (Views: 5.0ms | ActiveRecord: 0.5ms)


Started GET "/images/bg.jpg" for 127.0.0.1 at 2012-08-10 00:00:37 -0400

ActionController::RoutingError (No route matches [GET] "/images/bg.jpg"):
  

Rendered /home/bzhu01/.rvm/gems/ruby-1.9.2-p320/gems/actionpack-3.1.1/lib/action_dispatch/middleware/templates/rescues/routing_error.erb within rescues/layout (0.7ms)


Started GET "/events/1" for 127.0.0.1 at 2012-08-10 00:00:39 -0400
  Processing by EventsController#show as HTML
  Parameters: {"id"=>"1"}
Rendered attends/_form.html.erb (2.2ms)
Rendered events/_attend.html.erb (2.1ms)
Rendered events/_invite.html.erb (2.1ms)
Rendered events/show.html.erb within layouts/application (14.4ms)
Completed 200 OK in 23ms (Views: 17.2ms | ActiveRecord: 1.1ms)


Started GET "/images/bg.jpg" for 127.0.0.1 at 2012-08-10 00:00:39 -0400

ActionController::RoutingError (No route matches [GET] "/images/bg.jpg"):
  

Rendered /home/bzhu01/.rvm/gems/ruby-1.9.2-p320/gems/actionpack-3.1.1/lib/action_dispatch/middleware/templates/rescues/routing_error.erb within rescues/layout (0.5ms)
